2023-06-17 14:50:58.728  INFO 19256 --- [restartedMain] c.m.msclientes.MsclientesApplication     : Starting MsclientesApplication using Java 17.0.6 on DESKTOP-DO5K0CM with PID 19256 (C:\Users\josem\microservices\msclientes\target\classes started by josem in C:\Users\josem\microservices\msclientes)
2023-06-17 14:50:58.729  INFO 19256 --- [restartedMain] c.m.msclientes.MsclientesApplication     : No active profile set, falling back to 1 default profile: "default"
2023-06-17 14:50:58.779  INFO 19256 --- [restartedMain] .e.DevToolsPropertyDefaultsPostProcessor : Devtools property defaults active! Set 'spring.devtools.add-properties' to 'false' to disable
2023-06-17 14:50:58.779  INFO 19256 --- [restartedMain] .e.DevToolsPropertyDefaultsPostProcessor : For additional web related logging consider setting the 'logging.level.web' property to 'DEBUG'
2023-06-17 14:50:59.820  INFO 19256 --- [restartedMain] .s.d.r.c.RepositoryConfigurationDelegate : Bootstrapping Spring Data JPA repositories in DEFAULT mode.
2023-06-17 14:50:59.981  INFO 19256 --- [restartedMain] .s.d.r.c.RepositoryConfigurationDelegate : Finished Spring Data repository scanning in 151 ms. Found 1 JPA repository interfaces.
2023-06-17 14:51:00.215  INFO 19256 --- [restartedMain] o.s.cloud.context.scope.GenericScope     : BeanFactory id=147bd74f-e6ed-3cdc-a01b-234e441da3b6
2023-06-17 14:51:00.831  INFO 19256 --- [restartedMain] o.s.b.w.embedded.tomcat.TomcatWebServer  : Tomcat initialized with port(s): 0 (http)
2023-06-17 14:51:00.841  INFO 19256 --- [restartedMain] o.apache.catalina.core.StandardService   : Starting service [Tomcat]
2023-06-17 14:51:00.842  INFO 19256 --- [restartedMain] org.apache.catalina.core.StandardEngine  : Starting Servlet engine: [Apache Tomcat/9.0.60]
2023-06-17 14:51:00.965  INFO 19256 --- [restartedMain] o.a.c.c.C.[Tomcat].[localhost].[/]       : Initializing Spring embedded WebApplicationContext
2023-06-17 14:51:00.966  INFO 19256 --- [restartedMain] w.s.c.ServletWebServerApplicationContext : Root WebApplicationContext: initialization completed in 2186 ms
2023-06-17 14:51:01.074  INFO 19256 --- [restartedMain] com.zaxxer.hikari.HikariDataSource       : HikariPool-1 - Starting...
2023-06-17 14:51:01.270  INFO 19256 --- [restartedMain] com.zaxxer.hikari.HikariDataSource       : HikariPool-1 - Start completed.
2023-06-17 14:51:01.280  INFO 19256 --- [restartedMain] o.s.b.a.h2.H2ConsoleAutoConfiguration    : H2 console available at '/h2-console'. Database available at 'jdbc:h2:mem:e1f673e3-e165-4003-afca-ad3d615efe40'
2023-06-17 14:51:01.508  INFO 19256 --- [restartedMain] o.hibernate.jpa.internal.util.LogHelper  : HHH000204: Processing PersistenceUnitInfo [name: default]
2023-06-17 14:51:01.566  INFO 19256 --- [restartedMain] org.hibernate.Version                    : HHH000412: Hibernate ORM core version 5.6.7.Final
2023-06-17 14:51:01.748  INFO 19256 --- [restartedMain] o.hibernate.annotations.common.Version   : HCANN000001: Hibernate Commons Annotations {5.1.2.Final}
2023-06-17 14:51:01.885  INFO 19256 --- [restartedMain] org.hibernate.dialect.Dialect            : HHH000400: Using dialect: org.hibernate.dialect.H2Dialect
2023-06-17 14:51:02.412  INFO 19256 --- [restartedMain] o.h.e.t.j.p.i.JtaPlatformInitiator       : HHH000490: Using JtaPlatform implementation: [org.hibernate.engine.transaction.jta.platform.internal.NoJtaPlatform]
2023-06-17 14:51:02.421  INFO 19256 --- [restartedMain] j.LocalContainerEntityManagerFactoryBean : Initialized JPA EntityManagerFactory for persistence unit 'default'
2023-06-17 14:51:03.115  WARN 19256 --- [restartedMain] JpaBaseConfiguration$JpaWebConfiguration : spring.jpa.open-in-view is enabled by default. Therefore, database queries may be performed during view rendering. Explicitly configure spring.jpa.open-in-view to disable this warning
2023-06-17 14:51:03.836  INFO 19256 --- [restartedMain] o.s.b.d.a.OptionalLiveReloadServer       : LiveReload server is running on port 35729
2023-06-17 14:51:03.934  INFO 19256 --- [restartedMain] DiscoveryClientOptionalArgsConfiguration : Eureka HTTP Client uses RestTemplate.
2023-06-17 14:51:04.004  WARN 19256 --- [restartedMain] iguration$LoadBalancerCaffeineWarnLogger : Spring Cloud LoadBalancer is currently working with the default cache. While this cache implementation is useful for development and tests, it's recommended to use Caffeine cache in production.You can switch to using Caffeine cache, by adding it and org.springframework.cache.caffeine.CaffeineCacheManager to the classpath.
2023-06-17 14:51:04.011  INFO 19256 --- [restartedMain] o.s.b.a.e.web.EndpointLinksResolver      : Exposing 17 endpoint(s) beneath base path '/actuator'
2023-06-17 14:51:04.114  INFO 19256 --- [restartedMain] o.s.b.w.embedded.tomcat.TomcatWebServer  : Tomcat started on port(s): 64791 (http) with context path ''
2023-06-17 14:51:04.116  INFO 19256 --- [restartedMain] .s.c.n.e.s.EurekaAutoServiceRegistration : Updating port to 64791
2023-06-17 14:51:04.121  INFO 19256 --- [restartedMain] o.s.c.n.eureka.InstanceInfoFactory       : Setting initial instance status as: STARTING
2023-06-17 14:51:04.172  INFO 19256 --- [restartedMain] com.netflix.discovery.DiscoveryClient    : Initializing Eureka in region us-east-1
2023-06-17 14:51:04.178  INFO 19256 --- [restartedMain] c.n.d.s.r.aws.ConfigClusterResolver      : Resolving eureka endpoints via configuration
2023-06-17 14:51:04.204  INFO 19256 --- [restartedMain] com.netflix.discovery.DiscoveryClient    : Disable delta property : false
2023-06-17 14:51:04.205  INFO 19256 --- [restartedMain] com.netflix.discovery.DiscoveryClient    : Single vip registry refresh property : null
2023-06-17 14:51:04.205  INFO 19256 --- [restartedMain] com.netflix.discovery.DiscoveryClient    : Force full registry fetch : false
2023-06-17 14:51:04.205  INFO 19256 --- [restartedMain] com.netflix.discovery.DiscoveryClient    : Application is null : false
2023-06-17 14:51:04.205  INFO 19256 --- [restartedMain] com.netflix.discovery.DiscoveryClient    : Registered Applications size is zero : true
2023-06-17 14:51:04.205  INFO 19256 --- [restartedMain] com.netflix.discovery.DiscoveryClient    : Application version is -1: true
2023-06-17 14:51:04.205  INFO 19256 --- [restartedMain] com.netflix.discovery.DiscoveryClient    : Getting all instance registry info from the eureka server
2023-06-17 14:51:05.868  INFO 19256 --- [restartedMain] com.netflix.discovery.DiscoveryClient    : The response status is 200
2023-06-17 14:51:05.873  INFO 19256 --- [restartedMain] com.netflix.discovery.DiscoveryClient    : Starting heartbeat executor: renew interval is: 30
2023-06-17 14:51:05.879  INFO 19256 --- [restartedMain] c.n.discovery.InstanceInfoReplicator     : InstanceInfoReplicator onDemand update allowed rate per min is 4
2023-06-17 14:51:05.890  INFO 19256 --- [restartedMain] com.netflix.discovery.DiscoveryClient    : Discovery Client initialized at timestamp 1687024265888 with initial instances count: 0
2023-06-17 14:51:05.895  INFO 19256 --- [restartedMain] o.s.c.n.e.s.EurekaServiceRegistry        : Registering application MSCLIENTES with eureka with status UP
2023-06-17 14:51:05.896  INFO 19256 --- [restartedMain] com.netflix.discovery.DiscoveryClient    : Saw local status change event StatusChangeEvent [timestamp=1687024265896, current=UP, previous=STARTING]
2023-06-17 14:51:05.899  INFO 19256 --- [DiscoveryClient-InstanceInfoReplicator-0] com.netflix.discovery.DiscoveryClient    : DiscoveryClient_MSCLIENTES/msclientes:7485b9d985469ff360b4be3ca80e2eae: registering service...
2023-06-17 14:51:06.146  INFO 19256 --- [restartedMain] c.m.msclientes.MsclientesApplication     : Started MsclientesApplication in 7.963 seconds (JVM running for 8.739)
2023-06-17 14:51:06.356  INFO 19256 --- [DiscoveryClient-InstanceInfoReplicator-0] com.netflix.discovery.DiscoveryClient    : DiscoveryClient_MSCLIENTES/msclientes:7485b9d985469ff360b4be3ca80e2eae - registration status: 204
2023-06-17 14:51:06.502  INFO 19256 --- [RMI TCP Connection(2)-192.168.0.104] o.a.c.c.C.[Tomcat].[localhost].[/]       : Initializing Spring DispatcherServlet 'dispatcherServlet'
2023-06-17 14:51:06.503  INFO 19256 --- [RMI TCP Connection(2)-192.168.0.104] o.s.web.servlet.DispatcherServlet        : Initializing Servlet 'dispatcherServlet'
2023-06-17 14:51:06.506  INFO 19256 --- [RMI TCP Connection(2)-192.168.0.104] o.s.web.servlet.DispatcherServlet        : Completed initialization in 3 ms
2023-06-17 14:51:35.881  INFO 19256 --- [DiscoveryClient-CacheRefreshExecutor-0] com.netflix.discovery.DiscoveryClient    : Disable delta property : false
2023-06-17 14:51:35.882  INFO 19256 --- [DiscoveryClient-CacheRefreshExecutor-0] com.netflix.discovery.DiscoveryClient    : Single vip registry refresh property : null
2023-06-17 14:51:35.883  INFO 19256 --- [DiscoveryClient-CacheRefreshExecutor-0] com.netflix.discovery.DiscoveryClient    : Force full registry fetch : false
2023-06-17 14:51:35.883  INFO 19256 --- [DiscoveryClient-CacheRefreshExecutor-0] com.netflix.discovery.DiscoveryClient    : Application is null : false
2023-06-17 14:51:35.883  INFO 19256 --- [DiscoveryClient-CacheRefreshExecutor-0] com.netflix.discovery.DiscoveryClient    : Registered Applications size is zero : true
2023-06-17 14:51:35.883  INFO 19256 --- [DiscoveryClient-CacheRefreshExecutor-0] com.netflix.discovery.DiscoveryClient    : Application version is -1: false
2023-06-17 14:51:35.883  INFO 19256 --- [DiscoveryClient-CacheRefreshExecutor-0] com.netflix.discovery.DiscoveryClient    : Getting all instance registry info from the eureka server
2023-06-17 14:51:35.912  INFO 19256 --- [DiscoveryClient-CacheRefreshExecutor-0] com.netflix.discovery.DiscoveryClient    : The response status is 200
2023-06-17 14:56:04.222  INFO 19256 --- [AsyncResolver-bootstrap-executor-0] c.n.d.s.r.aws.ConfigClusterResolver      : Resolving eureka endpoints via configuration
2023-06-17 14:59:22.214  INFO 19256 --- [SpringApplicationShutdownHook] o.s.c.n.e.s.EurekaServiceRegistry        : Unregistering application MSCLIENTES with eureka with status DOWN
2023-06-17 14:59:22.214  INFO 19256 --- [SpringApplicationShutdownHook] com.netflix.discovery.DiscoveryClient    : Saw local status change event StatusChangeEvent [timestamp=1687024762214, current=DOWN, previous=UP]
2023-06-17 14:59:22.215  INFO 19256 --- [DiscoveryClient-InstanceInfoReplicator-0] com.netflix.discovery.DiscoveryClient    : DiscoveryClient_MSCLIENTES/msclientes:7485b9d985469ff360b4be3ca80e2eae: registering service...
2023-06-17 14:59:22.230  INFO 19256 --- [DiscoveryClient-InstanceInfoReplicator-0] com.netflix.discovery.DiscoveryClient    : DiscoveryClient_MSCLIENTES/msclientes:7485b9d985469ff360b4be3ca80e2eae - registration status: 204
2023-06-17 14:59:22.265  INFO 19256 --- [SpringApplicationShutdownHook] j.LocalContainerEntityManagerFactoryBean : Closing JPA EntityManagerFactory for persistence unit 'default'
2023-06-17 14:59:22.267  INFO 19256 --- [SpringApplicationShutdownHook] .SchemaDropperImpl$DelayedDropActionImpl : HHH000477: Starting delayed evictData of schema as part of SessionFactory shut-down'
2023-06-17 14:59:22.514  WARN 19256 --- [SpringApplicationShutdownHook] o.s.b.f.support.DisposableBeanAdapter    : Invocation of destroy method failed on bean with name 'inMemoryDatabaseShutdownExecutor': org.h2.jdbc.JdbcSQLNonTransientConnectionException: Database is already closed (to disable automatic closing at VM shutdown, add ";DB_CLOSE_ON_EXIT=FALSE" to the db URL) [90121-200]
2023-06-17 14:59:22.516  INFO 19256 --- [SpringApplicationShutdownHook] com.zaxxer.hikari.HikariDataSource       : HikariPool-1 - Shutdown initiated...
2023-06-17 14:59:22.523  INFO 19256 --- [SpringApplicationShutdownHook] com.zaxxer.hikari.HikariDataSource       : HikariPool-1 - Shutdown completed.
2023-06-17 14:59:22.554  INFO 19256 --- [SpringApplicationShutdownHook] com.netflix.discovery.DiscoveryClient    : Shutting down DiscoveryClient ...
2023-06-17 14:59:25.560  INFO 19256 --- [SpringApplicationShutdownHook] com.netflix.discovery.DiscoveryClient    : Unregistering ...
2023-06-17 14:59:25.604  INFO 19256 --- [SpringApplicationShutdownHook] com.netflix.discovery.DiscoveryClient    : DiscoveryClient_MSCLIENTES/msclientes:7485b9d985469ff360b4be3ca80e2eae - deregister  status: 200
2023-06-17 14:59:25.610  INFO 19256 --- [SpringApplicationShutdownHook] com.netflix.discovery.DiscoveryClient    : Completed shut down of DiscoveryClient
2023-06-17 14:59:59.192  INFO 17112 --- [restartedMain] c.m.msclientes.MsclientesApplication     : Starting MsclientesApplication using Java 17.0.6 on DESKTOP-DO5K0CM with PID 17112 (C:\Users\josem\microservices\msclientes\target\classes started by josem in C:\Users\josem\microservices\msclientes)
2023-06-17 14:59:59.193  INFO 17112 --- [restartedMain] c.m.msclientes.MsclientesApplication     : No active profile set, falling back to 1 default profile: "default"
2023-06-17 14:59:59.238  INFO 17112 --- [restartedMain] .e.DevToolsPropertyDefaultsPostProcessor : Devtools property defaults active! Set 'spring.devtools.add-properties' to 'false' to disable
2023-06-17 14:59:59.238  INFO 17112 --- [restartedMain] .e.DevToolsPropertyDefaultsPostProcessor : For additional web related logging consider setting the 'logging.level.web' property to 'DEBUG'
2023-06-17 15:00:00.276  INFO 17112 --- [restartedMain] .s.d.r.c.RepositoryConfigurationDelegate : Bootstrapping Spring Data JPA repositories in DEFAULT mode.
2023-06-17 15:00:00.429  INFO 17112 --- [restartedMain] .s.d.r.c.RepositoryConfigurationDelegate : Finished Spring Data repository scanning in 143 ms. Found 1 JPA repository interfaces.
2023-06-17 15:00:00.670  INFO 17112 --- [restartedMain] o.s.cloud.context.scope.GenericScope     : BeanFactory id=c4d02f41-6cec-3cb1-b9a7-63bedf838e58
2023-06-17 15:00:01.263  INFO 17112 --- [restartedMain] o.s.b.w.embedded.tomcat.TomcatWebServer  : Tomcat initialized with port(s): 0 (http)
2023-06-17 15:00:01.271  INFO 17112 --- [restartedMain] o.apache.catalina.core.StandardService   : Starting service [Tomcat]
2023-06-17 15:00:01.272  INFO 17112 --- [restartedMain] org.apache.catalina.core.StandardEngine  : Starting Servlet engine: [Apache Tomcat/9.0.60]
2023-06-17 15:00:01.380  INFO 17112 --- [restartedMain] o.a.c.c.C.[Tomcat].[localhost].[/]       : Initializing Spring embedded WebApplicationContext
2023-06-17 15:00:01.380  INFO 17112 --- [restartedMain] w.s.c.ServletWebServerApplicationContext : Root WebApplicationContext: initialization completed in 2142 ms
2023-06-17 15:00:01.496  INFO 17112 --- [restartedMain] com.zaxxer.hikari.HikariDataSource       : HikariPool-1 - Starting...
2023-06-17 15:00:01.779  INFO 17112 --- [restartedMain] com.zaxxer.hikari.HikariDataSource       : HikariPool-1 - Start completed.
2023-06-17 15:00:01.791  INFO 17112 --- [restartedMain] o.s.b.a.h2.H2ConsoleAutoConfiguration    : H2 console available at '/h2-console'. Database available at 'jdbc:h2:mem:89ccb58f-af05-4488-8527-efec45235437'
2023-06-17 15:00:01.989  INFO 17112 --- [restartedMain] o.hibernate.jpa.internal.util.LogHelper  : HHH000204: Processing PersistenceUnitInfo [name: default]
2023-06-17 15:00:02.061  INFO 17112 --- [restartedMain] org.hibernate.Version                    : HHH000412: Hibernate ORM core version 5.6.7.Final
2023-06-17 15:00:02.303  INFO 17112 --- [restartedMain] o.hibernate.annotations.common.Version   : HCANN000001: Hibernate Commons Annotations {5.1.2.Final}
2023-06-17 15:00:02.422  INFO 17112 --- [restartedMain] org.hibernate.dialect.Dialect            : HHH000400: Using dialect: org.hibernate.dialect.H2Dialect
2023-06-17 15:00:02.954  INFO 17112 --- [restartedMain] o.h.e.t.j.p.i.JtaPlatformInitiator       : HHH000490: Using JtaPlatform implementation: [org.hibernate.engine.transaction.jta.platform.internal.NoJtaPlatform]
2023-06-17 15:00:02.962  INFO 17112 --- [restartedMain] j.LocalContainerEntityManagerFactoryBean : Initialized JPA EntityManagerFactory for persistence unit 'default'
2023-06-17 15:00:03.357  WARN 17112 --- [restartedMain] JpaBaseConfiguration$JpaWebConfiguration : spring.jpa.open-in-view is enabled by default. Therefore, database queries may be performed during view rendering. Explicitly configure spring.jpa.open-in-view to disable this warning
2023-06-17 15:00:04.473  WARN 17112 --- [restartedMain] o.s.b.d.a.OptionalLiveReloadServer       : Unable to start LiveReload server
2023-06-17 15:00:04.564  INFO 17112 --- [restartedMain] DiscoveryClientOptionalArgsConfiguration : Eureka HTTP Client uses RestTemplate.
2023-06-17 15:00:04.621  WARN 17112 --- [restartedMain] iguration$LoadBalancerCaffeineWarnLogger : Spring Cloud LoadBalancer is currently working with the default cache. While this cache implementation is useful for development and tests, it's recommended to use Caffeine cache in production.You can switch to using Caffeine cache, by adding it and org.springframework.cache.caffeine.CaffeineCacheManager to the classpath.
2023-06-17 15:00:04.625  INFO 17112 --- [restartedMain] o.s.b.a.e.web.EndpointLinksResolver      : Exposing 17 endpoint(s) beneath base path '/actuator'
2023-06-17 15:00:04.709  INFO 17112 --- [restartedMain] o.s.b.w.embedded.tomcat.TomcatWebServer  : Tomcat started on port(s): 64996 (http) with context path ''
2023-06-17 15:00:04.710  INFO 17112 --- [restartedMain] .s.c.n.e.s.EurekaAutoServiceRegistration : Updating port to 64996
2023-06-17 15:00:04.715  INFO 17112 --- [restartedMain] o.s.c.n.eureka.InstanceInfoFactory       : Setting initial instance status as: STARTING
2023-06-17 15:00:04.749  INFO 17112 --- [restartedMain] com.netflix.discovery.DiscoveryClient    : Initializing Eureka in region us-east-1
2023-06-17 15:00:04.752  INFO 17112 --- [restartedMain] c.n.d.s.r.aws.ConfigClusterResolver      : Resolving eureka endpoints via configuration
2023-06-17 15:00:04.779  INFO 17112 --- [restartedMain] com.netflix.discovery.DiscoveryClient    : Disable delta property : false
2023-06-17 15:00:04.779  INFO 17112 --- [restartedMain] com.netflix.discovery.DiscoveryClient    : Single vip registry refresh property : null
2023-06-17 15:00:04.779  INFO 17112 --- [restartedMain] com.netflix.discovery.DiscoveryClient    : Force full registry fetch : false
2023-06-17 15:00:04.779  INFO 17112 --- [restartedMain] com.netflix.discovery.DiscoveryClient    : Application is null : false
2023-06-17 15:00:04.779  INFO 17112 --- [restartedMain] com.netflix.discovery.DiscoveryClient    : Registered Applications size is zero : true
2023-06-17 15:00:04.780  INFO 17112 --- [restartedMain] com.netflix.discovery.DiscoveryClient    : Application version is -1: true
2023-06-17 15:00:04.781  INFO 17112 --- [restartedMain] com.netflix.discovery.DiscoveryClient    : Getting all instance registry info from the eureka server
2023-06-17 15:00:05.457  INFO 17112 --- [restartedMain] com.netflix.discovery.DiscoveryClient    : The response status is 200
2023-06-17 15:00:05.462  INFO 17112 --- [restartedMain] com.netflix.discovery.DiscoveryClient    : Starting heartbeat executor: renew interval is: 30
2023-06-17 15:00:05.467  INFO 17112 --- [restartedMain] c.n.discovery.InstanceInfoReplicator     : InstanceInfoReplicator onDemand update allowed rate per min is 4
2023-06-17 15:00:05.475  INFO 17112 --- [restartedMain] com.netflix.discovery.DiscoveryClient    : Discovery Client initialized at timestamp 1687024805473 with initial instances count: 1
2023-06-17 15:00:05.478  INFO 17112 --- [restartedMain] o.s.c.n.e.s.EurekaServiceRegistry        : Registering application MSCLIENTES with eureka with status UP
2023-06-17 15:00:05.479  INFO 17112 --- [restartedMain] com.netflix.discovery.DiscoveryClient    : Saw local status change event StatusChangeEvent [timestamp=1687024805479, current=UP, previous=STARTING]
2023-06-17 15:00:05.481  INFO 17112 --- [DiscoveryClient-InstanceInfoReplicator-0] com.netflix.discovery.DiscoveryClient    : DiscoveryClient_MSCLIENTES/msclientes:7b559b467b02a74b89a239a54aa77a3a: registering service...
2023-06-17 15:00:05.615  INFO 17112 --- [restartedMain] c.m.msclientes.MsclientesApplication     : Started MsclientesApplication in 6.909 seconds (JVM running for 7.818)
2023-06-17 15:00:05.805  INFO 17112 --- [DiscoveryClient-InstanceInfoReplicator-0] com.netflix.discovery.DiscoveryClient    : DiscoveryClient_MSCLIENTES/msclientes:7b559b467b02a74b89a239a54aa77a3a - registration status: 204
2023-06-17 15:00:06.014  INFO 17112 --- [RMI TCP Connection(3)-192.168.0.104] o.a.c.c.C.[Tomcat].[localhost].[/]       : Initializing Spring DispatcherServlet 'dispatcherServlet'
2023-06-17 15:00:06.015  INFO 17112 --- [RMI TCP Connection(3)-192.168.0.104] o.s.web.servlet.DispatcherServlet        : Initializing Servlet 'dispatcherServlet'
2023-06-17 15:00:06.018  INFO 17112 --- [RMI TCP Connection(3)-192.168.0.104] o.s.web.servlet.DispatcherServlet        : Completed initialization in 3 ms
