2023-06-17 14:59:30.027  INFO 16928 --- [restartedMain] c.m.m.MsavaliadorcreditoApplication      : Starting MsavaliadorcreditoApplication using Java 11.0.16 on DESKTOP-DO5K0CM with PID 16928 (C:\Users\josem\microservices\msavaliadorcredito\target\classes started by josem in C:\Users\josem\microservices\msavaliadorcredito)
2023-06-17 14:59:30.028  INFO 16928 --- [restartedMain] c.m.m.MsavaliadorcreditoApplication      : No active profile set, falling back to 1 default profile: "default"
2023-06-17 14:59:30.102  INFO 16928 --- [restartedMain] .e.DevToolsPropertyDefaultsPostProcessor : Devtools property defaults active! Set 'spring.devtools.add-properties' to 'false' to disable
2023-06-17 14:59:30.102  INFO 16928 --- [restartedMain] .e.DevToolsPropertyDefaultsPostProcessor : For additional web related logging consider setting the 'logging.level.web' property to 'DEBUG'
2023-06-17 14:59:34.882  INFO 16928 --- [restartedMain] o.s.cloud.context.scope.GenericScope     : BeanFactory id=422f1492-5a47-34b5-8331-90c971c25bad
2023-06-17 14:59:35.695  INFO 16928 --- [restartedMain] o.s.b.w.embedded.tomcat.TomcatWebServer  : Tomcat initialized with port(s): 0 (http)
2023-06-17 14:59:35.706  INFO 16928 --- [restartedMain] o.apache.catalina.core.StandardService   : Starting service [Tomcat]
2023-06-17 14:59:35.706  INFO 16928 --- [restartedMain] org.apache.catalina.core.StandardEngine  : Starting Servlet engine: [Apache Tomcat/9.0.60]
2023-06-17 14:59:35.920  INFO 16928 --- [restartedMain] o.a.c.c.C.[Tomcat].[localhost].[/]       : Initializing Spring embedded WebApplicationContext
2023-06-17 14:59:35.921  INFO 16928 --- [restartedMain] w.s.c.ServletWebServerApplicationContext : Root WebApplicationContext: initialization completed in 5817 ms
2023-06-17 14:59:36.773  INFO 16928 --- [restartedMain] o.s.b.d.a.OptionalLiveReloadServer       : LiveReload server is running on port 35729
2023-06-17 14:59:36.831  INFO 16928 --- [restartedMain] o.s.c.openfeign.FeignClientFactoryBean   : For 'msclientes' URL not provided. Will try picking an instance via load-balancing.
2023-06-17 14:59:36.891  INFO 16928 --- [restartedMain] o.s.c.openfeign.FeignClientFactoryBean   : For 'mscartoes' URL not provided. Will try picking an instance via load-balancing.
2023-06-17 14:59:38.555  INFO 16928 --- [restartedMain] DiscoveryClientOptionalArgsConfiguration : Eureka HTTP Client uses RestTemplate.
2023-06-17 14:59:38.639  WARN 16928 --- [restartedMain] iguration$LoadBalancerCaffeineWarnLogger : Spring Cloud LoadBalancer is currently working with the default cache. While this cache implementation is useful for development and tests, it's recommended to use Caffeine cache in production.You can switch to using Caffeine cache, by adding it and org.springframework.cache.caffeine.CaffeineCacheManager to the classpath.
2023-06-17 14:59:38.653  INFO 16928 --- [restartedMain] o.s.b.a.e.web.EndpointLinksResolver      : Exposing 17 endpoint(s) beneath base path '/actuator'
2023-06-17 14:59:38.933  INFO 16928 --- [restartedMain] o.s.b.w.embedded.tomcat.TomcatWebServer  : Tomcat started on port(s): 64977 (http) with context path ''
2023-06-17 14:59:38.937  INFO 16928 --- [restartedMain] .s.c.n.e.s.EurekaAutoServiceRegistration : Updating port to 64977
2023-06-17 14:59:38.945  INFO 16928 --- [restartedMain] o.s.c.n.eureka.InstanceInfoFactory       : Setting initial instance status as: STARTING
2023-06-17 14:59:39.029  INFO 16928 --- [restartedMain] com.netflix.discovery.DiscoveryClient    : Initializing Eureka in region us-east-1
2023-06-17 14:59:39.049  INFO 16928 --- [restartedMain] c.n.d.s.r.aws.ConfigClusterResolver      : Resolving eureka endpoints via configuration
2023-06-17 14:59:39.095  INFO 16928 --- [restartedMain] com.netflix.discovery.DiscoveryClient    : Disable delta property : false
2023-06-17 14:59:39.096  INFO 16928 --- [restartedMain] com.netflix.discovery.DiscoveryClient    : Single vip registry refresh property : null
2023-06-17 14:59:39.097  INFO 16928 --- [restartedMain] com.netflix.discovery.DiscoveryClient    : Force full registry fetch : false
2023-06-17 14:59:39.098  INFO 16928 --- [restartedMain] com.netflix.discovery.DiscoveryClient    : Application is null : false
2023-06-17 14:59:39.098  INFO 16928 --- [restartedMain] com.netflix.discovery.DiscoveryClient    : Registered Applications size is zero : true
2023-06-17 14:59:39.098  INFO 16928 --- [restartedMain] com.netflix.discovery.DiscoveryClient    : Application version is -1: true
2023-06-17 14:59:39.098  INFO 16928 --- [restartedMain] com.netflix.discovery.DiscoveryClient    : Getting all instance registry info from the eureka server
2023-06-17 14:59:39.889  INFO 16928 --- [restartedMain] com.netflix.discovery.DiscoveryClient    : The response status is 200
2023-06-17 14:59:39.893  INFO 16928 --- [restartedMain] com.netflix.discovery.DiscoveryClient    : Starting heartbeat executor: renew interval is: 30
2023-06-17 14:59:39.898  INFO 16928 --- [restartedMain] c.n.discovery.InstanceInfoReplicator     : InstanceInfoReplicator onDemand update allowed rate per min is 4
2023-06-17 14:59:39.912  INFO 16928 --- [restartedMain] com.netflix.discovery.DiscoveryClient    : Discovery Client initialized at timestamp 1687024779910 with initial instances count: 0
2023-06-17 14:59:39.915  INFO 16928 --- [restartedMain] o.s.c.n.e.s.EurekaServiceRegistry        : Registering application MSAVALIADORCREDITO with eureka with status UP
2023-06-17 14:59:39.916  INFO 16928 --- [restartedMain] com.netflix.discovery.DiscoveryClient    : Saw local status change event StatusChangeEvent [timestamp=1687024779916, current=UP, previous=STARTING]
2023-06-17 14:59:39.924  INFO 16928 --- [DiscoveryClient-InstanceInfoReplicator-0] com.netflix.discovery.DiscoveryClient    : DiscoveryClient_MSAVALIADORCREDITO/msavaliadorcredito:ab1f9854dd638701fd8a44e1ea1babaf: registering service...
2023-06-17 14:59:40.329  INFO 16928 --- [DiscoveryClient-InstanceInfoReplicator-0] com.netflix.discovery.DiscoveryClient    : DiscoveryClient_MSAVALIADORCREDITO/msavaliadorcredito:ab1f9854dd638701fd8a44e1ea1babaf - registration status: 204
2023-06-17 14:59:40.696  INFO 16928 --- [restartedMain] c.m.m.MsavaliadorcreditoApplication      : Started MsavaliadorcreditoApplication in 11.366 seconds (JVM running for 12.308)
2023-06-17 14:59:40.919  INFO 16928 --- [RMI TCP Connection(2)-192.168.0.104] o.s.a.r.c.CachingConnectionFactory       : Attempting to connect to: [localhost:5672]
2023-06-17 14:59:40.925  INFO 16928 --- [RMI TCP Connection(1)-192.168.0.104] o.a.c.c.C.[Tomcat].[localhost].[/]       : Initializing Spring DispatcherServlet 'dispatcherServlet'
2023-06-17 14:59:40.925  INFO 16928 --- [RMI TCP Connection(1)-192.168.0.104] o.s.web.servlet.DispatcherServlet        : Initializing Servlet 'dispatcherServlet'
2023-06-17 14:59:40.929  INFO 16928 --- [RMI TCP Connection(1)-192.168.0.104] o.s.web.servlet.DispatcherServlet        : Completed initialization in 3 ms
2023-06-17 14:59:40.945  WARN 16928 --- [RMI TCP Connection(2)-192.168.0.104] o.s.b.a.amqp.RabbitHealthIndicator       : Rabbit health check failed

org.springframework.amqp.AmqpConnectException: java.net.ConnectException: Connection refused: connect
	at org.springframework.amqp.rabbit.support.RabbitExceptionTranslator.convertRabbitAccessException(RabbitExceptionTranslator.java:61) ~[spring-rabbit-2.4.3.jar:2.4.3]
	at org.springframework.amqp.rabbit.connection.AbstractConnectionFactory.createBareConnection(AbstractConnectionFactory.java:602) ~[spring-rabbit-2.4.3.jar:2.4.3]
	at org.springframework.amqp.rabbit.connection.CachingConnectionFactory.createConnection(CachingConnectionFactory.java:724) ~[spring-rabbit-2.4.3.jar:2.4.3]
	at org.springframework.amqp.rabbit.connection.ConnectionFactoryUtils.createConnection(ConnectionFactoryUtils.java:252) ~[spring-rabbit-2.4.3.jar:2.4.3]
	at org.springframework.amqp.rabbit.core.RabbitTemplate.doExecute(RabbitTemplate.java:2175) ~[spring-rabbit-2.4.3.jar:2.4.3]
	at org.springframework.amqp.rabbit.core.RabbitTemplate.execute(RabbitTemplate.java:2148) ~[spring-rabbit-2.4.3.jar:2.4.3]
	at org.springframework.amqp.rabbit.core.RabbitTemplate.execute(RabbitTemplate.java:2128) ~[spring-rabbit-2.4.3.jar:2.4.3]
	at org.springframework.boot.actuate.amqp.RabbitHealthIndicator.getVersion(RabbitHealthIndicator.java:49) ~[spring-boot-actuator-2.6.6.jar:2.6.6]
	at org.springframework.boot.actuate.amqp.RabbitHealthIndicator.doHealthCheck(RabbitHealthIndicator.java:44) ~[spring-boot-actuator-2.6.6.jar:2.6.6]
	at org.springframework.boot.actuate.health.AbstractHealthIndicator.health(AbstractHealthIndicator.java:82) ~[spring-boot-actuator-2.6.6.jar:2.6.6]
	at org.springframework.boot.actuate.health.HealthIndicator.getHealth(HealthIndicator.java:37) ~[spring-boot-actuator-2.6.6.jar:2.6.6]
	at org.springframework.boot.actuate.health.HealthEndpoint.getHealth(HealthEndpoint.java:77) ~[spring-boot-actuator-2.6.6.jar:2.6.6]
	at org.springframework.boot.actuate.health.HealthEndpoint.getHealth(HealthEndpoint.java:40) ~[spring-boot-actuator-2.6.6.jar:2.6.6]
	at org.springframework.boot.actuate.health.HealthEndpointSupport.getContribution(HealthEndpointSupport.java:130) ~[spring-boot-actuator-2.6.6.jar:2.6.6]
	at org.springframework.boot.actuate.health.HealthEndpointSupport.getAggregateContribution(HealthEndpointSupport.java:141) ~[spring-boot-actuator-2.6.6.jar:2.6.6]
	at org.springframework.boot.actuate.health.HealthEndpointSupport.getContribution(HealthEndpointSupport.java:126) ~[spring-boot-actuator-2.6.6.jar:2.6.6]
	at org.springframework.boot.actuate.health.HealthEndpointSupport.getHealth(HealthEndpointSupport.java:95) ~[spring-boot-actuator-2.6.6.jar:2.6.6]
	at org.springframework.boot.actuate.health.HealthEndpointSupport.getHealth(HealthEndpointSupport.java:66) ~[spring-boot-actuator-2.6.6.jar:2.6.6]
	at org.springframework.boot.actuate.health.HealthEndpoint.health(HealthEndpoint.java:71) ~[spring-boot-actuator-2.6.6.jar:2.6.6]
	at org.springframework.boot.actuate.health.HealthEndpoint.health(HealthEndpoint.java:61) ~[spring-boot-actuator-2.6.6.jar:2.6.6]
	at java.base/jdk.internal.reflect.NativeMethodAccessorImpl.invoke0(Native Method) ~[na:na]
	at java.base/jdk.internal.reflect.NativeMethodAccessorImpl.invoke(NativeMethodAccessorImpl.java:62) ~[na:na]
	at java.base/jdk.internal.reflect.DelegatingMethodAccessorImpl.invoke(DelegatingMethodAccessorImpl.java:43) ~[na:na]
	at java.base/java.lang.reflect.Method.invoke(Method.java:566) ~[na:na]
	at org.springframework.util.ReflectionUtils.invokeMethod(ReflectionUtils.java:282) ~[spring-core-5.3.18.jar:5.3.18]
	at org.springframework.boot.actuate.endpoint.invoke.reflect.ReflectiveOperationInvoker.invoke(ReflectiveOperationInvoker.java:74) ~[spring-boot-actuator-2.6.6.jar:2.6.6]
	at org.springframework.boot.actuate.endpoint.annotation.AbstractDiscoveredOperation.invoke(AbstractDiscoveredOperation.java:60) ~[spring-boot-actuator-2.6.6.jar:2.6.6]
	at org.springframework.boot.actuate.endpoint.jmx.EndpointMBean.invoke(EndpointMBean.java:122) ~[spring-boot-actuator-2.6.6.jar:2.6.6]
	at org.springframework.boot.actuate.endpoint.jmx.EndpointMBean.invoke(EndpointMBean.java:97) ~[spring-boot-actuator-2.6.6.jar:2.6.6]
	at java.management/com.sun.jmx.interceptor.DefaultMBeanServerInterceptor.invoke(DefaultMBeanServerInterceptor.java:809) ~[na:na]
	at java.management/com.sun.jmx.mbeanserver.JmxMBeanServer.invoke(JmxMBeanServer.java:801) ~[na:na]
	at java.management.rmi/javax.management.remote.rmi.RMIConnectionImpl.doOperation(RMIConnectionImpl.java:1466) ~[na:na]
	at java.management.rmi/javax.management.remote.rmi.RMIConnectionImpl$PrivilegedOperation.run(RMIConnectionImpl.java:1307) ~[na:na]
	at java.management.rmi/javax.management.remote.rmi.RMIConnectionImpl.doPrivilegedOperation(RMIConnectionImpl.java:1399) ~[na:na]
	at java.management.rmi/javax.management.remote.rmi.RMIConnectionImpl.invoke(RMIConnectionImpl.java:827) ~[na:na]
	at java.base/jdk.internal.reflect.GeneratedMethodAccessor110.invoke(Unknown Source) ~[na:na]
	at java.base/jdk.internal.reflect.DelegatingMethodAccessorImpl.invoke(DelegatingMethodAccessorImpl.java:43) ~[na:na]
	at java.base/java.lang.reflect.Method.invoke(Method.java:566) ~[na:na]
	at java.rmi/sun.rmi.server.UnicastServerRef.dispatch(UnicastServerRef.java:359) ~[na:na]
	at java.rmi/sun.rmi.transport.Transport$1.run(Transport.java:200) ~[na:na]
	at java.rmi/sun.rmi.transport.Transport$1.run(Transport.java:197) ~[na:na]
	at java.base/java.security.AccessController.doPrivileged(Native Method) ~[na:na]
	at java.rmi/sun.rmi.transport.Transport.serviceCall(Transport.java:196) ~[na:na]
	at java.rmi/sun.rmi.transport.tcp.TCPTransport.handleMessages(TCPTransport.java:562) ~[na:na]
	at java.rmi/sun.rmi.transport.tcp.TCPTransport$ConnectionHandler.run0(TCPTransport.java:796) ~[na:na]
	at java.rmi/sun.rmi.transport.tcp.TCPTransport$ConnectionHandler.lambda$run$0(TCPTransport.java:677) ~[na:na]
	at java.base/java.security.AccessController.doPrivileged(Native Method) ~[na:na]
	at java.rmi/sun.rmi.transport.tcp.TCPTransport$ConnectionHandler.run(TCPTransport.java:676) ~[na:na]
	at java.base/java.util.concurrent.ThreadPoolExecutor.runWorker(ThreadPoolExecutor.java:1128) ~[na:na]
	at java.base/java.util.concurrent.ThreadPoolExecutor$Worker.run(ThreadPoolExecutor.java:628) ~[na:na]
	at java.base/java.lang.Thread.run(Thread.java:834) ~[na:na]
Caused by: java.net.ConnectException: Connection refused: connect
	at java.base/java.net.PlainSocketImpl.waitForConnect(Native Method) ~[na:na]
	at java.base/java.net.PlainSocketImpl.socketConnect(PlainSocketImpl.java:107) ~[na:na]
	at java.base/java.net.AbstractPlainSocketImpl.doConnect(AbstractPlainSocketImpl.java:412) ~[na:na]
	at java.base/java.net.AbstractPlainSocketImpl.connectToAddress(AbstractPlainSocketImpl.java:255) ~[na:na]
	at java.base/java.net.AbstractPlainSocketImpl.connect(AbstractPlainSocketImpl.java:237) ~[na:na]
	at java.base/java.net.SocksSocketImpl.connect(SocksSocketImpl.java:392) ~[na:na]
	at java.base/java.net.Socket.connect(Socket.java:608) ~[na:na]
	at com.rabbitmq.client.impl.SocketFrameHandlerFactory.create(SocketFrameHandlerFactory.java:60) ~[amqp-client-5.13.1.jar:5.13.1]
	at com.rabbitmq.client.ConnectionFactory.newConnection(ConnectionFactory.java:1223) ~[amqp-client-5.13.1.jar:5.13.1]
	at com.rabbitmq.client.ConnectionFactory.newConnection(ConnectionFactory.java:1173) ~[amqp-client-5.13.1.jar:5.13.1]
	at org.springframework.amqp.rabbit.connection.AbstractConnectionFactory.connectAddresses(AbstractConnectionFactory.java:640) ~[spring-rabbit-2.4.3.jar:2.4.3]
	at org.springframework.amqp.rabbit.connection.AbstractConnectionFactory.connect(AbstractConnectionFactory.java:615) ~[spring-rabbit-2.4.3.jar:2.4.3]
	at org.springframework.amqp.rabbit.connection.AbstractConnectionFactory.createBareConnection(AbstractConnectionFactory.java:565) ~[spring-rabbit-2.4.3.jar:2.4.3]
	... 49 common frames omitted

2023-06-17 15:00:01.992  INFO 16928 --- [http-nio-auto-1-exec-4] o.springdoc.api.AbstractOpenApiResource  : Init duration for springdoc-openapi is: 342 ms
2023-06-17 15:00:09.895  INFO 16928 --- [DiscoveryClient-CacheRefreshExecutor-0] com.netflix.discovery.DiscoveryClient    : Disable delta property : false
2023-06-17 15:00:09.895  INFO 16928 --- [DiscoveryClient-CacheRefreshExecutor-0] com.netflix.discovery.DiscoveryClient    : Single vip registry refresh property : null
2023-06-17 15:00:09.897  INFO 16928 --- [DiscoveryClient-CacheRefreshExecutor-0] com.netflix.discovery.DiscoveryClient    : Force full registry fetch : false
2023-06-17 15:00:09.897  INFO 16928 --- [DiscoveryClient-CacheRefreshExecutor-0] com.netflix.discovery.DiscoveryClient    : Application is null : false
2023-06-17 15:00:09.897  INFO 16928 --- [DiscoveryClient-CacheRefreshExecutor-0] com.netflix.discovery.DiscoveryClient    : Registered Applications size is zero : true
2023-06-17 15:00:09.898  INFO 16928 --- [DiscoveryClient-CacheRefreshExecutor-0] com.netflix.discovery.DiscoveryClient    : Application version is -1: false
2023-06-17 15:00:09.898  INFO 16928 --- [DiscoveryClient-CacheRefreshExecutor-0] com.netflix.discovery.DiscoveryClient    : Getting all instance registry info from the eureka server
2023-06-17 15:00:09.924  INFO 16928 --- [DiscoveryClient-CacheRefreshExecutor-0] com.netflix.discovery.DiscoveryClient    : The response status is 200
